mode: set
govemvc/models/db.go:13.36,16.16 3 1
govemvc/models/db.go:16.16,18.3 1 0
govemvc/models/db.go:20.2,20.33 1 1
govemvc/models/db.go:20.33,22.3 1 0
govemvc/models/db.go:24.2,32.16 3 1
govemvc/models/db.go:32.16,34.3 1 0
govemvc/models/todo.go:15.36,17.16 2 1
govemvc/models/todo.go:17.16,19.3 1 0
govemvc/models/todo.go:20.2,23.18 3 1
govemvc/models/todo.go:23.18,26.62 3 1
govemvc/models/todo.go:26.62,28.4 1 0
govemvc/models/todo.go:29.3,30.27 2 1
govemvc/models/todo.go:33.2,33.34 1 1
govemvc/models/todo.go:33.34,35.3 1 0
govemvc/models/todo.go:37.2,37.19 1 1
govemvc/models/todo.go:41.46,43.16 2 1
govemvc/models/todo.go:43.16,45.3 1 0
govemvc/models/todo.go:47.2,48.16 2 1
govemvc/models/todo.go:48.16,50.3 1 0
govemvc/models/todo.go:52.2,52.16 1 1
govemvc/models/todo.go:56.49,58.15 2 1
govemvc/models/todo.go:58.15,60.3 1 1
govemvc/models/todo.go:62.2,63.16 2 1
govemvc/models/todo.go:63.16,65.3 1 0
govemvc/models/todo.go:67.2,67.12 1 1
govemvc/models/todo.go:71.33,73.16 2 1
govemvc/models/todo.go:73.16,75.3 1 0
govemvc/models/todo.go:77.2,77.12 1 1
govemvc/controllers/todo.go:14.59,15.23 1 1
govemvc/controllers/todo.go:15.23,18.3 2 0
govemvc/controllers/todo.go:20.2,21.16 2 1
govemvc/controllers/todo.go:21.16,24.3 2 0
govemvc/controllers/todo.go:26.2,27.16 2 1
govemvc/controllers/todo.go:27.16,30.3 2 0
govemvc/controllers/todo.go:32.2,36.62 2 1
govemvc/controllers/todo.go:36.62,39.3 2 0
govemvc/controllers/todo.go:43.64,44.33 1 1
govemvc/controllers/todo.go:44.33,47.3 2 0
govemvc/controllers/todo.go:49.2,50.17 2 1
govemvc/controllers/todo.go:50.17,53.3 2 0
govemvc/controllers/todo.go:55.2,56.16 2 1
govemvc/controllers/todo.go:56.16,59.3 2 0
govemvc/controllers/todo.go:61.2,71.47 3 1
govemvc/controllers/todo.go:75.64,76.33 1 0
govemvc/controllers/todo.go:76.33,79.3 2 0
govemvc/controllers/todo.go:81.2,83.16 3 0
govemvc/controllers/todo.go:83.16,86.3 2 0
govemvc/controllers/todo.go:88.2,91.65 2 0
govemvc/controllers/todo.go:91.65,94.3 2 0
govemvc/controllers/todo.go:96.2,96.65 1 0
govemvc/controllers/todo.go:96.65,99.3 2 0
govemvc/controllers/todo.go:101.2,110.30 3 0
govemvc/controllers/todo.go:114.64,115.35 1 0
govemvc/controllers/todo.go:115.35,118.3 2 0
govemvc/controllers/todo.go:120.2,122.16 3 0
govemvc/controllers/todo.go:122.16,125.3 2 0
govemvc/controllers/todo.go:127.2,127.46 1 0
govemvc/controllers/todo.go:127.46,130.3 2 0
govemvc/controllers/todo.go:132.2,140.30 3 0
govemvc/controllers/todo.go:144.63,146.16 2 0
govemvc/controllers/todo.go:146.16,149.3 2 0
govemvc/controllers/todo.go:151.2,159.22 4 0
govemvc/models/db.go:13.36,16.16 3 1
govemvc/models/db.go:16.16,18.3 1 0
govemvc/models/db.go:20.2,20.33 1 1
govemvc/models/db.go:20.33,22.3 1 0
govemvc/models/db.go:24.2,32.16 3 1
govemvc/models/db.go:32.16,34.3 1 0
govemvc/models/todo.go:15.36,17.16 2 1
govemvc/models/todo.go:17.16,19.3 1 0
govemvc/models/todo.go:20.2,23.18 3 1
govemvc/models/todo.go:23.18,26.62 3 0
govemvc/models/todo.go:26.62,28.4 1 0
govemvc/models/todo.go:29.3,30.27 2 0
govemvc/models/todo.go:33.2,33.34 1 1
govemvc/models/todo.go:33.34,35.3 1 0
govemvc/models/todo.go:37.2,37.19 1 1
govemvc/models/todo.go:41.46,43.16 2 1
govemvc/models/todo.go:43.16,45.3 1 0
govemvc/models/todo.go:47.2,48.16 2 1
govemvc/models/todo.go:48.16,50.3 1 0
govemvc/models/todo.go:52.2,52.16 1 1
govemvc/models/todo.go:56.49,58.15 2 0
govemvc/models/todo.go:58.15,60.3 1 0
govemvc/models/todo.go:62.2,63.16 2 0
govemvc/models/todo.go:63.16,65.3 1 0
govemvc/models/todo.go:67.2,67.12 1 0
govemvc/models/todo.go:71.33,73.16 2 0
govemvc/models/todo.go:73.16,75.3 1 0
govemvc/models/todo.go:77.2,77.12 1 0
govemvc/websocket/hub.go:36.23,37.6 1 1
govemvc/websocket/hub.go:37.6,38.10 1 1
govemvc/websocket/hub.go:39.31,42.17 3 0
govemvc/websocket/hub.go:43.33,45.38 2 0
govemvc/websocket/hub.go:45.38,48.5 2 0
govemvc/websocket/hub.go:49.4,49.17 1 0
govemvc/websocket/hub.go:50.33,52.34 2 1
govemvc/websocket/hub.go:52.34,53.12 1 0
govemvc/websocket/hub.go:54.33,54.33 0 0
govemvc/websocket/hub.go:55.13,61.18 6 0
govemvc/websocket/hub.go:64.4,64.18 1 1
govemvc/websocket/hub.go:70.72,71.44 1 0
govemvc/websocket/hub.go:71.44,73.3 1 0
govemvc/websocket/hub.go:75.2,76.15 2 0
govemvc/websocket/hub.go:76.15,78.3 1 0
govemvc/websocket/hub.go:80.2,86.9 6 0
govemvc/websocket/hub.go:86.9,88.3 1 0
govemvc/websocket/hub.go:90.2,91.16 2 0
govemvc/websocket/hub.go:91.16,93.3 1 0
govemvc/websocket/hub.go:95.2,104.16 3 0
govemvc/websocket/hub.go:104.16,107.3 2 0
govemvc/websocket/hub.go:108.2,110.18 2 0
govemvc/websocket/hub.go:114.54,120.19 4 0
govemvc/websocket/hub.go:120.19,122.3 1 0
govemvc/websocket/hub.go:122.8,122.28 1 0
govemvc/websocket/hub.go:122.28,126.3 3 0
govemvc/websocket/hub.go:126.8,128.27 2 0
govemvc/websocket/hub.go:128.27,130.4 1 0
govemvc/websocket/hub.go:133.2,133.66 1 0
govemvc/websocket/hub.go:133.66,135.3 1 0
govemvc/websocket/hub.go:136.2,136.12 1 0
govemvc/websocket/hub.go:140.29,141.15 1 0
govemvc/websocket/hub.go:141.15,144.3 2 0
govemvc/websocket/hub.go:146.2,147.6 2 0
govemvc/websocket/hub.go:147.6,149.17 2 0
govemvc/websocket/hub.go:149.17,150.9 1 0
govemvc/websocket/hub.go:153.3,153.12 1 0
govemvc/websocket/hub.go:153.12,155.19 2 0
govemvc/websocket/hub.go:155.19,156.10 1 0
govemvc/websocket/hub.go:163.30,164.15 1 0
govemvc/websocket/hub.go:164.15,166.3 1 0
govemvc/websocket/hub.go:168.2,168.26 1 0
govemvc/websocket/hub.go:168.26,169.49 1 0
govemvc/websocket/hub.go:169.49,170.9 1 0
